2006-12-01 09:39:09.8569|ERROR|CastlePortal.HttpApp|dbExist = false !!!!!!!!!!!!!!!!!!!!!!!
2006-12-01 10:38:13.8642|ERROR|CastlePortal.AdminAPI|WEIRD!!!: Could not perform Save for User:  at Castle.ActiveRecord.ActiveRecordBase.Save (System.Object instance) [0x00000] 
  at Castle.ActiveRecord.ActiveRecordBase.Save () [0x00000] 
  at CastlePortal.AdminAPI.AddUser (Int32 gid, Int32 uid, System.String gindex, System.String uindex) [0x00000] 
2006-12-01 10:38:23.0340|ERROR|CastlePortal.AdminAPI|WEIRD!!!: Could not perform Save for User:  at Castle.ActiveRecord.ActiveRecordBase.Save (System.Object instance) [0x00000] 
  at Castle.ActiveRecord.ActiveRecordBase.Save () [0x00000] 
  at CastlePortal.AdminAPI.AddUser (Int32 gid, Int32 uid, System.String gindex, System.String uindex) [0x00000] 
2006-12-01 12:49:25.4692|ERROR|CastlePortal.Container|Container FindAll Exception: Could not perform FindAll for Container  at Castle.ActiveRecord.ActiveRecordBase.FindAll (System.Type targetType, NHibernate.Expression.Order[] orders, NHibernate.Expression.ICriterion[] criterias) [0x00000] 
  at CastlePortal.Container.FindAll () [0x00000] 
2006-12-01 12:54:27.7377|ERROR|CastlePortal.Container|Container FindAll Exception: Could not perform FindAll for Container  at Castle.ActiveRecord.ActiveRecordBase.FindAll (System.Type targetType, NHibernate.Expression.Order[] orders, NHibernate.Expression.ICriterion[] criterias) [0x00000] 
  at CastlePortal.Container.FindAll () [0x00000] 
2006-12-01 12:54:27.8565|ERROR|CastlePortal.Container|Container FindAll Exception: Could not perform FindAll for Container  at Castle.ActiveRecord.ActiveRecordBase.FindAll (System.Type targetType, NHibernate.Expression.Order[] orders, NHibernate.Expression.ICriterion[] criterias) [0x00000] 
  at CastlePortal.Container.FindAll () [0x00000] 
2006-12-01 13:08:33.5320|ERROR|CastlePortal.Container|Container FindAll Exception: Could not perform FindAll for Container  at Castle.ActiveRecord.ActiveRecordBase.FindAll (System.Type targetType, NHibernate.Expression.Order[] orders, NHibernate.Expression.ICriterion[] criterias) [0x00000] 
  at CastlePortal.Container.FindAll () [0x00000] 
2006-12-01 13:08:33.6642|ERROR|CastlePortal.Container|Container FindAll Exception: Could not perform FindAll for Container  at Castle.ActiveRecord.ActiveRecordBase.FindAll (System.Type targetType, NHibernate.Expression.Order[] orders, NHibernate.Expression.ICriterion[] criterias) [0x00000] 
  at CastlePortal.Container.FindAll () [0x00000] 
2006-12-01 17:54:43.1200|ERROR|CastlePortal.GroupsController|HACK!!!, GroupDelete
2006-12-01 18:12:04.6314|ERROR|CastlePortal.GroupsController|HACK!!!, GroupDelete:Could not perform Delete for Group  at Castle.ActiveRecord.ActiveRecordBase.Delete (System.Object instance) [0x00000] 
  at Castle.ActiveRecord.ActiveRecordBase.Delete () [0x00000] 
  at CastlePortal.GroupsController.GroupDelete (Int32 groupId) [0x00000] 
2006-12-01 18:12:04.6545|ERROR|CastlePortal.GroupsController|HACK!!!, GroupDelete:Could not perform Delete for Group  at Castle.ActiveRecord.ActiveRecordBase.Delete (System.Object instance) [0x00000] 
  at Castle.ActiveRecord.ActiveRecordBase.Delete () [0x00000] 
  at CastlePortal.GroupsController.GroupDelete (Int32 groupId) [0x00000] 
2006-12-01 18:14:41.4108|ERROR|CastlePortal.GroupsController|HACK!!!, GroupDelete:Could not perform Delete for Group  at Castle.ActiveRecord.ActiveRecordBase.Delete (System.Object instance) [0x00000] 
  at Castle.ActiveRecord.ActiveRecordBase.Delete () [0x00000] 
  at CastlePortal.GroupsController.GroupDelete (Int32 groupId) [0x00000] 
2006-12-01 18:14:41.4124|ERROR|CastlePortal.GroupsController|GroupDelete:could not delete: [CastlePortal.Group#179]  at NHibernate.Persister.EntityPersister.Delete (System.Object id, System.Object version, System.Object obj, ISessionImplementor session) [0x00000] 
  at NHibernate.Impl.ScheduledDeletion.Execute () [0x00000] 
  at NHibernate.Impl.SessionImpl.Execute (IExecutable executable) [0x00000] 
  at NHibernate.Impl.SessionImpl.ExecuteAll (IList list) [0x00000] 
  at NHibernate.Impl.SessionImpl.Execute () [0x00000] 
2006-12-01 18:14:41.4522|ERROR|CastlePortal.GroupsController|HACK!!!, GroupDelete:Could not perform Delete for Group  at Castle.ActiveRecord.ActiveRecordBase.Delete (System.Object instance) [0x00000] 
  at Castle.ActiveRecord.ActiveRecordBase.Delete () [0x00000] 
  at CastlePortal.GroupsController.GroupDelete (Int32 groupId) [0x00000] 
2006-12-01 18:14:41.4524|ERROR|CastlePortal.GroupsController|GroupDelete:could not delete: [CastlePortal.Group#179]  at NHibernate.Persister.EntityPersister.Delete (System.Object id, System.Object version, System.Object obj, ISessionImplementor session) [0x00000] 
  at NHibernate.Impl.ScheduledDeletion.Execute () [0x00000] 
  at NHibernate.Impl.SessionImpl.Execute (IExecutable executable) [0x00000] 
  at NHibernate.Impl.SessionImpl.ExecuteAll (IList list) [0x00000] 
  at NHibernate.Impl.SessionImpl.Execute () [0x00000] 
2006-12-01 18:16:12.4092|ERROR|CastlePortal.GroupsController|HACK!!!, GroupDelete:Could not perform Delete for Group  at Castle.ActiveRecord.ActiveRecordBase.Delete (System.Object instance) [0x00000] 
  at Castle.ActiveRecord.ActiveRecordBase.Delete () [0x00000] 
  at CastlePortal.GroupsController.GroupDelete (Int32 groupId) [0x00000] 
2006-12-01 18:16:12.4112|ERROR|CastlePortal.GroupsController|GroupDelete:could not delete: [CastlePortal.Group#179]  at NHibernate.Persister.EntityPersister.Delete (System.Object id, System.Object version, System.Object obj, ISessionImplementor session) [0x00000] 
  at NHibernate.Impl.ScheduledDeletion.Execute () [0x00000] 
  at NHibernate.Impl.SessionImpl.Execute (IExecutable executable) [0x00000] 
  at NHibernate.Impl.SessionImpl.ExecuteAll (IList list) [0x00000] 
  at NHibernate.Impl.SessionImpl.Execute () [0x00000] 
2006-12-01 18:16:12.4451|ERROR|CastlePortal.GroupsController|HACK!!!, GroupDelete:Could not perform Delete for Group  at Castle.ActiveRecord.ActiveRecordBase.Delete (System.Object instance) [0x00000] 
  at Castle.ActiveRecord.ActiveRecordBase.Delete () [0x00000] 
  at CastlePortal.GroupsController.GroupDelete (Int32 groupId) [0x00000] 
2006-12-01 18:16:12.4452|ERROR|CastlePortal.GroupsController|GroupDelete:could not delete: [CastlePortal.Group#179]  at NHibernate.Persister.EntityPersister.Delete (System.Object id, System.Object version, System.Object obj, ISessionImplementor session) [0x00000] 
  at NHibernate.Impl.ScheduledDeletion.Execute () [0x00000] 
  at NHibernate.Impl.SessionImpl.Execute (IExecutable executable) [0x00000] 
  at NHibernate.Impl.SessionImpl.ExecuteAll (IList list) [0x00000] 
  at NHibernate.Impl.SessionImpl.Execute () [0x00000] 
2006-12-01 18:20:10.9703|ERROR|CastlePortal.GroupsController|HACK!!!, GroupDelete:Could not perform Delete for Acl  at Castle.ActiveRecord.ActiveRecordBase.Delete (System.Object instance) [0x00000] 
  at Castle.ActiveRecord.ActiveRecordBase.Delete () [0x00000] 
  at CastlePortal.GroupsController.GroupDelete (Int32 groupId) [0x00000] 
2006-12-01 18:20:10.9719|ERROR|CastlePortal.GroupsController|GroupDelete:SQL insert, update or delete failed (expected affected row count: 1, actual affected row count: 0). Possible causes: the row was modified or deleted by another user, or a trigger is reporting misleading row count.  at NHibernate.Impl.NonBatchingBatcher.AddToBatch (Int32 expectedRowCount) [0x00000] 
  at NHibernate.Persister.EntityPersister.Delete (System.Object id, System.Object version, System.Object obj, ISessionImplementor session) [0x00000] 
2006-12-01 18:21:22.0168|ERROR|CastlePortal.GroupsController|HACK!!!, GroupDelete:Could not perform Delete for Acl  at Castle.ActiveRecord.ActiveRecordBase.Delete (System.Object instance) [0x00000] 
  at Castle.ActiveRecord.ActiveRecordBase.Delete () [0x00000] 
  at CastlePortal.GroupsController.GroupDelete (Int32 groupId) [0x00000] 
2006-12-01 18:21:22.0184|ERROR|CastlePortal.GroupsController|GroupDelete:SQL insert, update or delete failed (expected affected row count: 1, actual affected row count: 0). Possible causes: the row was modified or deleted by another user, or a trigger is reporting misleading row count.  at NHibernate.Impl.NonBatchingBatcher.AddToBatch (Int32 expectedRowCount) [0x00000] 
  at NHibernate.Persister.EntityPersister.Delete (System.Object id, System.Object version, System.Object obj, ISessionImplementor session) [0x00000] 
2006-12-02 20:09:39.5441|ERROR|CastlePortal.GroupsController|GroupDelete exception:Could not perform Delete for Acl  at Castle.ActiveRecord.ActiveRecordBase.Delete (System.Object instance) [0x00000] 
  at Castle.ActiveRecord.ActiveRecordBase.Delete () [0x00000] 
  at CastlePortal.GroupsController.GroupDelete (Int32 groupId) [0x00000] 
2006-12-02 20:09:39.5458|ERROR|CastlePortal.GroupsController|GroupDelete inner exception:SQL insert, update or delete failed (expected affected row count: 1, actual affected row count: 0). Possible causes: the row was modified or deleted by another user, or a trigger is reporting misleading row count.  at NHibernate.Impl.NonBatchingBatcher.AddToBatch (Int32 expectedRowCount) [0x00000] 
  at NHibernate.Persister.EntityPersister.Delete (System.Object id, System.Object version, System.Object obj, ISessionImplementor session) [0x00000] 
2006-12-02 20:55:43.2966|ERROR|CastlePortal.GroupsController|GroupDelete exception:Could not perform Delete for Acl  at Castle.ActiveRecord.ActiveRecordBase.Delete (System.Object instance) [0x00000] 
  at Castle.ActiveRecord.ActiveRecordBase.Delete () [0x00000] 
  at CastlePortal.GroupsController.GroupDelete (Int32 groupId) [0x00000] 
2006-12-02 20:55:43.2981|ERROR|CastlePortal.GroupsController|GroupDelete inner exception:SQL insert, update or delete failed (expected affected row count: 1, actual affected row count: 0). Possible causes: the row was modified or deleted by another user, or a trigger is reporting misleading row count.  at NHibernate.Impl.NonBatchingBatcher.AddToBatch (Int32 expectedRowCount) [0x00000] 
  at NHibernate.Persister.EntityPersister.Delete (System.Object id, System.Object version, System.Object obj, ISessionImplementor session) [0x00000] 
2006-12-02 20:57:54.9564|ERROR|CastlePortal.AdminAPI|WEIRD!!!: Could not perform Save for User:  at Castle.ActiveRecord.ActiveRecordBase.Save (System.Object instance) [0x00000] 
  at Castle.ActiveRecord.ActiveRecordBase.Save () [0x00000] 
  at CastlePortal.AdminAPI.AddUser (Int32 gid, Int32 uid, System.String gindex, System.String uindex) [0x00000] 
2006-12-02 21:09:02.6008|ERROR|CastlePortal.AdminAPI|WEIRD!!!: Could not perform Save for User:  at Castle.ActiveRecord.ActiveRecordBase.Save (System.Object instance) [0x00000] 
  at Castle.ActiveRecord.ActiveRecordBase.Save () [0x00000] 
  at CastlePortal.AdminAPI.AddUser (Int32 gid, Int32 uid, System.String gindex, System.String uindex) [0x00000] 
2006-12-02 21:13:27.6554|ERROR|CastlePortal.GroupsController|GroupDelete exception:Could not perform Delete for Acl  at Castle.ActiveRecord.ActiveRecordBase.Delete (System.Object instance) [0x00000] 
  at Castle.ActiveRecord.ActiveRecordBase.Delete () [0x00000] 
  at CastlePortal.GroupsController.GroupDelete (Int32 groupId) [0x00000] 
2006-12-02 21:13:27.6570|ERROR|CastlePortal.GroupsController|GroupDelete inner exception:SQL insert, update or delete failed (expected affected row count: 1, actual affected row count: 0). Possible causes: the row was modified or deleted by another user, or a trigger is reporting misleading row count.  at NHibernate.Impl.NonBatchingBatcher.AddToBatch (Int32 expectedRowCount) [0x00000] 
  at NHibernate.Persister.EntityPersister.Delete (System.Object id, System.Object version, System.Object obj, ISessionImplementor session) [0x00000] 
2006-12-02 21:14:06.5443|ERROR|CastlePortal.GroupsController|GroupDelete exception:Could not perform Delete for Acl  at Castle.ActiveRecord.ActiveRecordBase.Delete (System.Object instance) [0x00000] 
  at Castle.ActiveRecord.ActiveRecordBase.Delete () [0x00000] 
  at CastlePortal.GroupsController.GroupDelete (Int32 groupId) [0x00000] 
2006-12-02 21:14:06.5458|ERROR|CastlePortal.GroupsController|GroupDelete inner exception:could not delete: [CastlePortal.Acl#205]  at NHibernate.Persister.EntityPersister.Delete (System.Object id, System.Object version, System.Object obj, ISessionImplementor session) [0x00000] 
  at NHibernate.Impl.ScheduledDeletion.Execute () [0x00000] 
  at NHibernate.Impl.SessionImpl.Execute (IExecutable executable) [0x00000] 
  at NHibernate.Impl.SessionImpl.ExecuteAll (IList list) [0x00000] 
  at NHibernate.Impl.SessionImpl.Execute () [0x00000] 
2006-12-02 21:14:06.6188|ERROR|CastlePortal.GroupsController|GroupDelete exception:Could not perform Delete for Acl  at Castle.ActiveRecord.ActiveRecordBase.Delete (System.Object instance) [0x00000] 
  at Castle.ActiveRecord.ActiveRecordBase.Delete () [0x00000] 
  at CastlePortal.GroupsController.GroupDelete (Int32 groupId) [0x00000] 
2006-12-02 21:14:06.6189|ERROR|CastlePortal.GroupsController|GroupDelete inner exception:could not delete: [CastlePortal.Acl#205]  at NHibernate.Persister.EntityPersister.Delete (System.Object id, System.Object version, System.Object obj, ISessionImplementor session) [0x00000] 
  at NHibernate.Impl.ScheduledDeletion.Execute () [0x00000] 
  at NHibernate.Impl.SessionImpl.Execute (IExecutable executable) [0x00000] 
  at NHibernate.Impl.SessionImpl.ExecuteAll (IList list) [0x00000] 
  at NHibernate.Impl.SessionImpl.Execute () [0x00000] 
2006-12-02 21:15:36.1343|ERROR|CastlePortal.GroupsController|GroupDelete exception:Could not perform Delete for Acl  at Castle.ActiveRecord.ActiveRecordBase.Delete (System.Object instance) [0x00000] 
  at Castle.ActiveRecord.ActiveRecordBase.Delete () [0x00000] 
  at CastlePortal.GroupsController.GroupDelete (Int32 groupId) [0x00000] 
2006-12-02 21:15:36.1359|ERROR|CastlePortal.GroupsController|GroupDelete inner exception:could not delete: [CastlePortal.Acl#205]  at NHibernate.Persister.EntityPersister.Delete (System.Object id, System.Object version, System.Object obj, ISessionImplementor session) [0x00000] 
  at NHibernate.Impl.ScheduledDeletion.Execute () [0x00000] 
  at NHibernate.Impl.SessionImpl.Execute (IExecutable executable) [0x00000] 
  at NHibernate.Impl.SessionImpl.ExecuteAll (IList list) [0x00000] 
  at NHibernate.Impl.SessionImpl.Execute () [0x00000] 
2006-12-02 21:15:36.2093|ERROR|CastlePortal.GroupsController|GroupDelete exception:Could not perform Delete for Acl  at Castle.ActiveRecord.ActiveRecordBase.Delete (System.Object instance) [0x00000] 
  at Castle.ActiveRecord.ActiveRecordBase.Delete () [0x00000] 
  at CastlePortal.GroupsController.GroupDelete (Int32 groupId) [0x00000] 
2006-12-02 21:15:36.2094|ERROR|CastlePortal.GroupsController|GroupDelete inner exception:could not delete: [CastlePortal.Acl#205]  at NHibernate.Persister.EntityPersister.Delete (System.Object id, System.Object version, System.Object obj, ISessionImplementor session) [0x00000] 
  at NHibernate.Impl.ScheduledDeletion.Execute () [0x00000] 
  at NHibernate.Impl.SessionImpl.Execute (IExecutable executable) [0x00000] 
  at NHibernate.Impl.SessionImpl.ExecuteAll (IList list) [0x00000] 
  at NHibernate.Impl.SessionImpl.Execute () [0x00000] 
2006-12-02 21:17:31.8792|ERROR|CastlePortal.GroupsController|GroupDelete exception:Could not perform Delete for Acl  at Castle.ActiveRecord.ActiveRecordBase.Delete (System.Object instance) [0x00000] 
  at Castle.ActiveRecord.ActiveRecordBase.Delete () [0x00000] 
  at CastlePortal.GroupsController.GroupDelete (Int32 groupId) [0x00000] 
2006-12-02 21:17:31.8815|ERROR|CastlePortal.GroupsController|GroupDelete inner exception:Row was updated or deleted by another transaction for CastlePortal.Category instance with identifier: 73  at NHibernate.Persister.AbstractEntityPersister.Check (Int32 rows, System.Object id) [0x00000] 
  at NHibernate.Persister.NormalizedEntityPersister.Delete (System.Object id, System.Object version, System.Object obj, ISessionImplementor session) [0x00000] 
2006-12-02 21:27:04.0098|ERROR|CastlePortal.GroupsController|GroupDelete exception:Could not perform Delete for Acl  at Castle.ActiveRecord.ActiveRecordBase.Delete (System.Object instance) [0x00000] 
  at Castle.ActiveRecord.ActiveRecordBase.Delete () [0x00000] 
  at CastlePortal.GroupsController.GroupDelete (Int32 groupId) [0x00000] 
2006-12-02 21:27:04.0115|ERROR|CastlePortal.GroupsController|GroupDelete inner exception:SQL insert, update or delete failed (expected affected row count: 1, actual affected row count: 0). Possible causes: the row was modified or deleted by another user, or a trigger is reporting misleading row count.  at NHibernate.Impl.NonBatchingBatcher.AddToBatch (Int32 expectedRowCount) [0x00000] 
  at NHibernate.Persister.EntityPersister.Delete (System.Object id, System.Object version, System.Object obj, ISessionImplementor session) [0x00000] 
2006-12-02 21:29:36.5911|ERROR|CastlePortal.GroupsController|GroupDelete exception:Could not perform Delete for Group  at Castle.ActiveRecord.ActiveRecordBase.Delete (System.Object instance) [0x00000] 
  at Castle.ActiveRecord.ActiveRecordBase.Delete () [0x00000] 
  at CastlePortal.GroupsController.GroupDelete (Int32 groupId) [0x00000] 
2006-12-02 21:29:36.5927|ERROR|CastlePortal.GroupsController|GroupDelete inner exception:could not delete: [CastlePortal.Group#212]  at NHibernate.Persister.EntityPersister.Delete (System.Object id, System.Object version, System.Object obj, ISessionImplementor session) [0x00000] 
  at NHibernate.Impl.ScheduledDeletion.Execute () [0x00000] 
  at NHibernate.Impl.SessionImpl.Execute (IExecutable executable) [0x00000] 
  at NHibernate.Impl.SessionImpl.ExecuteAll (IList list) [0x00000] 
  at NHibernate.Impl.SessionImpl.Execute () [0x00000] 
2006-12-02 21:29:36.6084|ERROR|CastlePortal.GroupsController|GroupDelete exception:Could not perform Delete for Group  at Castle.ActiveRecord.ActiveRecordBase.Delete (System.Object instance) [0x00000] 
  at Castle.ActiveRecord.ActiveRecordBase.Delete () [0x00000] 
  at CastlePortal.GroupsController.GroupDelete (Int32 groupId) [0x00000] 
2006-12-02 21:29:36.6085|ERROR|CastlePortal.GroupsController|GroupDelete inner exception:could not delete: [CastlePortal.Group#212]  at NHibernate.Persister.EntityPersister.Delete (System.Object id, System.Object version, System.Object obj, ISessionImplementor session) [0x00000] 
  at NHibernate.Impl.ScheduledDeletion.Execute () [0x00000] 
  at NHibernate.Impl.SessionImpl.Execute (IExecutable executable) [0x00000] 
  at NHibernate.Impl.SessionImpl.ExecuteAll (IList list) [0x00000] 
  at NHibernate.Impl.SessionImpl.Execute () [0x00000] 
2006-12-02 21:30:36.9859|ERROR|CastlePortal.GroupsController|GroupDelete exception:Could not perform Delete for Group  at Castle.ActiveRecord.ActiveRecordBase.Delete (System.Object instance) [0x00000] 
  at Castle.ActiveRecord.ActiveRecordBase.Delete () [0x00000] 
  at CastlePortal.GroupsController.GroupDelete (Int32 groupId) [0x00000] 
2006-12-02 21:30:36.9871|ERROR|CastlePortal.GroupsController|GroupDelete exception:Could not perform Delete for Group  at Castle.ActiveRecord.ActiveRecordBase.Delete (System.Object instance) [0x00000] 
  at Castle.ActiveRecord.ActiveRecordBase.Delete () [0x00000] 
  at CastlePortal.GroupsController.GroupDelete (Int32 groupId) [0x00000] 
2006-12-02 21:30:36.9874|ERROR|CastlePortal.GroupsController|GroupDelete inner exception:could not delete: [CastlePortal.Group#212]  at NHibernate.Persister.EntityPersister.Delete (System.Object id, System.Object version, System.Object obj, ISessionImplementor session) [0x00000] 
  at NHibernate.Impl.ScheduledDeletion.Execute () [0x00000] 
  at NHibernate.Impl.SessionImpl.Execute (IExecutable executable) [0x00000] 
  at NHibernate.Impl.SessionImpl.ExecuteAll (IList list) [0x00000] 
  at NHibernate.Impl.SessionImpl.Execute () [0x00000] 
2006-12-02 21:30:36.9875|ERROR|CastlePortal.GroupsController|GroupDelete inner exception:could not delete: [CastlePortal.Group#212]  at NHibernate.Persister.EntityPersister.Delete (System.Object id, System.Object version, System.Object obj, ISessionImplementor session) [0x00000] 
  at NHibernate.Impl.ScheduledDeletion.Execute () [0x00000] 
  at NHibernate.Impl.SessionImpl.Execute (IExecutable executable) [0x00000] 
  at NHibernate.Impl.SessionImpl.ExecuteAll (IList list) [0x00000] 
  at NHibernate.Impl.SessionImpl.Execute () [0x00000] 
2006-12-02 21:32:00.7661|ERROR|CastlePortal.GroupsController|GroupDelete exception:Could not perform Delete for Acl  at Castle.ActiveRecord.ActiveRecordBase.Delete (System.Object instance) [0x00000] 
  at Castle.ActiveRecord.ActiveRecordBase.Delete () [0x00000] 
  at CastlePortal.GroupsController.GroupDelete (Int32 groupId) [0x00000] 
2006-12-02 21:32:00.7679|ERROR|CastlePortal.GroupsController|GroupDelete inner exception:SQL insert, update or delete failed (expected affected row count: 1, actual affected row count: 0). Possible causes: the row was modified or deleted by another user, or a trigger is reporting misleading row count.  at NHibernate.Impl.NonBatchingBatcher.AddToBatch (Int32 expectedRowCount) [0x00000] 
  at NHibernate.Persister.EntityPersister.Delete (System.Object id, System.Object version, System.Object obj, ISessionImplementor session) [0x00000] 
2006-12-02 21:32:24.8223|ERROR|CastlePortal.GroupsController|GroupDelete exception:Could not perform Delete for Acl  at Castle.ActiveRecord.ActiveRecordBase.Delete (System.Object instance) [0x00000] 
  at Castle.ActiveRecord.ActiveRecordBase.Delete () [0x00000] 
  at CastlePortal.GroupsController.GroupDelete (Int32 groupId) [0x00000] 
2006-12-02 21:32:24.8240|ERROR|CastlePortal.GroupsController|GroupDelete inner exception:SQL insert, update or delete failed (expected affected row count: 1, actual affected row count: 0). Possible causes: the row was modified or deleted by another user, or a trigger is reporting misleading row count.  at NHibernate.Impl.NonBatchingBatcher.AddToBatch (Int32 expectedRowCount) [0x00000] 
  at NHibernate.Persister.EntityPersister.Delete (System.Object id, System.Object version, System.Object obj, ISessionImplementor session) [0x00000] 
2006-12-02 21:33:10.5530|ERROR|CastlePortal.GroupsController|GroupDelete exception:Could not perform Delete for Acl  at Castle.ActiveRecord.ActiveRecordBase.Delete (System.Object instance) [0x00000] 
  at Castle.ActiveRecord.ActiveRecordBase.Delete () [0x00000] 
  at CastlePortal.GroupsController.GroupDelete (Int32 groupId) [0x00000] 
2006-12-02 21:33:10.5547|ERROR|CastlePortal.GroupsController|GroupDelete inner exception:SQL insert, update or delete failed (expected affected row count: 1, actual affected row count: 0). Possible causes: the row was modified or deleted by another user, or a trigger is reporting misleading row count.  at NHibernate.Impl.NonBatchingBatcher.AddToBatch (Int32 expectedRowCount) [0x00000] 
  at NHibernate.Persister.EntityPersister.Delete (System.Object id, System.Object version, System.Object obj, ISessionImplementor session) [0x00000] 
2006-12-02 21:42:16.9884|ERROR|CastlePortal.GroupsController|GroupDelete exception:Could not perform Delete for Group  at Castle.ActiveRecord.ActiveRecordBase.Delete (System.Object instance) [0x00000] 
  at Castle.ActiveRecord.ActiveRecordBase.Delete () [0x00000] 
  at CastlePortal.GroupsController.GroupDelete (Int32 groupId) [0x00000] 
2006-12-02 21:42:16.9900|ERROR|CastlePortal.GroupsController|GroupDelete inner exception:SQL insert, update or delete failed (expected affected row count: 1, actual affected row count: 0). Possible causes: the row was modified or deleted by another user, or a trigger is reporting misleading row count.  at NHibernate.Impl.NonBatchingBatcher.AddToBatch (Int32 expectedRowCount) [0x00000] 
  at NHibernate.Persister.EntityPersister.Delete (System.Object id, System.Object version, System.Object obj, ISessionImplementor session) [0x00000] 
2006-12-02 21:50:13.8196|ERROR|CastlePortal.HttpApp|dbExist = false !!!!!!!!!!!!!!!!!!!!!!!
2006-12-02 21:51:10.6675|ERROR|CastlePortal.GroupsController|GroupDelete exception:Could not perform Delete for Acl  at Castle.ActiveRecord.ActiveRecordBase.Delete (System.Object instance) [0x00000] 
  at Castle.ActiveRecord.ActiveRecordBase.Delete () [0x00000] 
  at CastlePortal.GroupsController.GroupDelete (Int32 groupId) [0x00000] 
2006-12-02 21:51:10.6692|ERROR|CastlePortal.GroupsController|GroupDelete inner exception:SQL insert, update or delete failed (expected affected row count: 1, actual affected row count: 0). Possible causes: the row was modified or deleted by another user, or a trigger is reporting misleading row count.  at NHibernate.Impl.NonBatchingBatcher.AddToBatch (Int32 expectedRowCount) [0x00000] 
  at NHibernate.Persister.EntityPersister.Delete (System.Object id, System.Object version, System.Object obj, ISessionImplementor session) [0x00000] 
2006-12-05 14:22:43.7162|ERROR|CastlePortal.GroupsController|GroupDelete exception:Could not perform Delete for Acl  at Castle.ActiveRecord.ActiveRecordBase.Delete (System.Object instance) [0x00000] 
  at Castle.ActiveRecord.ActiveRecordBase.Delete () [0x00000] 
  at CastlePortal.GroupsController.GroupDelete (Int32 groupId) [0x00000] 
2006-12-05 14:22:43.7827|ERROR|CastlePortal.GroupsController|GroupDelete inner exception:SQL insert, update or delete failed (expected affected row count: 1, actual affected row count: 0). Possible causes: the row was modified or deleted by another user, or a trigger is reporting misleading row count.  at NHibernate.Impl.NonBatchingBatcher.AddToBatch (Int32 expectedRowCount) [0x00000] 
  at NHibernate.Persister.EntityPersister.Delete (System.Object id, System.Object version, System.Object obj, ISessionImplementor session) [0x00000] 
2006-12-05 16:33:13.0593|ERROR|CastlePortal.GroupsController|GroupDelete exception:Could not perform Delete for Group  at Castle.ActiveRecord.ActiveRecordBase.Delete (System.Object instance) [0x00000] 
  at Castle.ActiveRecord.ActiveRecordBase.Delete () [0x00000] 
  at CastlePortal.GroupsController.GroupDelete (Int32 groupId) [0x00000] 
2006-12-05 16:33:13.0593|ERROR|CastlePortal.GroupsController|GroupDelete exception:Could not perform Delete for Group  at Castle.ActiveRecord.ActiveRecordBase.Delete (System.Object instance) [0x00000] 
  at Castle.ActiveRecord.ActiveRecordBase.Delete () [0x00000] 
  at CastlePortal.GroupsController.GroupDelete (Int32 groupId) [0x00000] 
2006-12-05 16:33:13.0985|ERROR|CastlePortal.GroupsController|GroupDelete inner exception:could not delete: [CastlePortal.Group#99]  at NHibernate.Persister.EntityPersister.Delete (System.Object id, System.Object version, System.Object obj, ISessionImplementor session) [0x00000] 
  at NHibernate.Impl.ScheduledDeletion.Execute () [0x00000] 
  at NHibernate.Impl.SessionImpl.Execute (IExecutable executable) [0x00000] 
  at NHibernate.Impl.SessionImpl.ExecuteAll (IList list) [0x00000] 
  at NHibernate.Impl.SessionImpl.Execute () [0x00000] 
2006-12-05 16:33:13.0994|ERROR|CastlePortal.GroupsController|GroupDelete inner exception:could not delete: [CastlePortal.Group#99]  at NHibernate.Persister.EntityPersister.Delete (System.Object id, System.Object version, System.Object obj, ISessionImplementor session) [0x00000] 
  at NHibernate.Impl.ScheduledDeletion.Execute () [0x00000] 
  at NHibernate.Impl.SessionImpl.Execute (IExecutable executable) [0x00000] 
  at NHibernate.Impl.SessionImpl.ExecuteAll (IList list) [0x00000] 
  at NHibernate.Impl.SessionImpl.Execute () [0x00000] 
2006-12-05 16:36:03.9434|ERROR|CastlePortal.GroupsController|GroupDelete exception:Could not perform Delete for Acl  at Castle.ActiveRecord.ActiveRecordBase.Delete (System.Object instance) [0x00000] 
  at Castle.ActiveRecord.ActiveRecordBase.Delete () [0x00000] 
  at CastlePortal.GroupsController.GroupDelete (Int32 groupId) [0x00000] 
2006-12-05 16:36:03.9451|ERROR|CastlePortal.GroupsController|GroupDelete inner exception:SQL insert, update or delete failed (expected affected row count: 1, actual affected row count: 0). Possible causes: the row was modified or deleted by another user, or a trigger is reporting misleading row count.  at NHibernate.Impl.NonBatchingBatcher.AddToBatch (Int32 expectedRowCount) [0x00000] 
  at NHibernate.Persister.EntityPersister.Delete (System.Object id, System.Object version, System.Object obj, ISessionImplementor session) [0x00000] 
2006-12-05 16:41:22.8302|ERROR|CastlePortal.GroupsController|GroupDelete exception:Could not perform Delete for Acl  at Castle.ActiveRecord.ActiveRecordBase.Delete (System.Object instance) [0x00000] 
  at Castle.ActiveRecord.ActiveRecordBase.Delete () [0x00000] 
  at CastlePortal.GroupsController.GroupDelete (Int32 groupId) [0x00000] 
2006-12-05 16:41:22.8319|ERROR|CastlePortal.GroupsController|GroupDelete inner exception:SQL insert, update or delete failed (expected affected row count: 1, actual affected row count: 0). Possible causes: the row was modified or deleted by another user, or a trigger is reporting misleading row count.  at NHibernate.Impl.NonBatchingBatcher.AddToBatch (Int32 expectedRowCount) [0x00000] 
  at NHibernate.Persister.EntityPersister.Delete (System.Object id, System.Object version, System.Object obj, ISessionImplementor session) [0x00000] 
2006-12-05 16:46:59.8177|ERROR|CastlePortal.GroupsController|GroupDelete exception:Could not perform Delete for Group  at Castle.ActiveRecord.ActiveRecordBase.Delete (System.Object instance) [0x00000] 
  at Castle.ActiveRecord.ActiveRecordBase.Delete () [0x00000] 
  at CastlePortal.GroupsController.GroupDelete (Int32 groupId) [0x00000] 
2006-12-05 16:46:59.8193|ERROR|CastlePortal.GroupsController|GroupDelete inner exception:could not delete: [CastlePortal.Group#109]  at NHibernate.Persister.EntityPersister.Delete (System.Object id, System.Object version, System.Object obj, ISessionImplementor session) [0x00000] 
  at NHibernate.Impl.ScheduledDeletion.Execute () [0x00000] 
  at NHibernate.Impl.SessionImpl.Execute (IExecutable executable) [0x00000] 
  at NHibernate.Impl.SessionImpl.ExecuteAll (IList list) [0x00000] 
  at NHibernate.Impl.SessionImpl.Execute () [0x00000] 
2006-12-05 16:46:59.8239|ERROR|CastlePortal.GroupsController|GroupDelete exception:Could not perform Delete for Group  at Castle.ActiveRecord.ActiveRecordBase.Delete (System.Object instance) [0x00000] 
  at Castle.ActiveRecord.ActiveRecordBase.Delete () [0x00000] 
  at CastlePortal.GroupsController.GroupDelete (Int32 groupId) [0x00000] 
2006-12-05 16:46:59.8240|ERROR|CastlePortal.GroupsController|GroupDelete inner exception:could not delete: [CastlePortal.Group#109]  at NHibernate.Persister.EntityPersister.Delete (System.Object id, System.Object version, System.Object obj, ISessionImplementor session) [0x00000] 
  at NHibernate.Impl.ScheduledDeletion.Execute () [0x00000] 
  at NHibernate.Impl.SessionImpl.Execute (IExecutable executable) [0x00000] 
  at NHibernate.Impl.SessionImpl.ExecuteAll (IList list) [0x00000] 
  at NHibernate.Impl.SessionImpl.Execute () [0x00000] 
2006-12-05 16:50:41.8545|ERROR|CastlePortal.GroupsController|GroupDelete exception:Could not perform Delete for Group  at Castle.ActiveRecord.ActiveRecordBase.Delete (System.Object instance) [0x00000] 
  at Castle.ActiveRecord.ActiveRecordBase.Delete () [0x00000] 
  at CastlePortal.GroupsController.GroupDelete (Int32 groupId) [0x00000] 
2006-12-05 16:50:41.8561|ERROR|CastlePortal.GroupsController|GroupDelete inner exception:could not delete: [CastlePortal.Group#109]  at NHibernate.Persister.EntityPersister.Delete (System.Object id, System.Object version, System.Object obj, ISessionImplementor session) [0x00000] 
  at NHibernate.Impl.ScheduledDeletion.Execute () [0x00000] 
  at NHibernate.Impl.SessionImpl.Execute (IExecutable executable) [0x00000] 
  at NHibernate.Impl.SessionImpl.ExecuteAll (IList list) [0x00000] 
  at NHibernate.Impl.SessionImpl.Execute () [0x00000] 
2006-12-05 16:50:41.8593|ERROR|CastlePortal.GroupsController|GroupDelete exception:Could not perform Delete for Group  at Castle.ActiveRecord.ActiveRecordBase.Delete (System.Object instance) [0x00000] 
  at Castle.ActiveRecord.ActiveRecordBase.Delete () [0x00000] 
  at CastlePortal.GroupsController.GroupDelete (Int32 groupId) [0x00000] 
2006-12-05 16:50:41.8594|ERROR|CastlePortal.GroupsController|GroupDelete inner exception:could not delete: [CastlePortal.Group#109]  at NHibernate.Persister.EntityPersister.Delete (System.Object id, System.Object version, System.Object obj, ISessionImplementor session) [0x00000] 
  at NHibernate.Impl.ScheduledDeletion.Execute () [0x00000] 
  at NHibernate.Impl.SessionImpl.Execute (IExecutable executable) [0x00000] 
  at NHibernate.Impl.SessionImpl.ExecuteAll (IList list) [0x00000] 
  at NHibernate.Impl.SessionImpl.Execute () [0x00000] 
2006-12-05 16:51:27.2214|ERROR|CastlePortal.GroupsController|GroupDelete exception:Could not perform Delete for Acl  at Castle.ActiveRecord.ActiveRecordBase.Delete (System.Object instance) [0x00000] 
  at Castle.ActiveRecord.ActiveRecordBase.Delete () [0x00000] 
  at CastlePortal.GroupsController.GroupDelete (Int32 groupId) [0x00000] 
2006-12-05 16:51:27.2230|ERROR|CastlePortal.GroupsController|GroupDelete inner exception:SQL insert, update or delete failed (expected affected row count: 1, actual affected row count: 0). Possible causes: the row was modified or deleted by another user, or a trigger is reporting misleading row count.  at NHibernate.Impl.NonBatchingBatcher.AddToBatch (Int32 expectedRowCount) [0x00000] 
  at NHibernate.Persister.EntityPersister.Delete (System.Object id, System.Object version, System.Object obj, ISessionImplementor session) [0x00000] 
2006-12-05 18:10:03.3841|ERROR|CastlePortal.GroupsController|GroupDelete exception:Could not perform Delete for Acl  at Castle.ActiveRecord.ActiveRecordBase.Delete (System.Object instance) [0x00000] 
  at Castle.ActiveRecord.ActiveRecordBase.Delete () [0x00000] 
  at CastlePortal.GroupsController.GroupDelete (Int32 groupId) [0x00000] 
2006-12-05 18:10:03.3856|ERROR|CastlePortal.GroupsController|GroupDelete inner exception:SQL insert, update or delete failed (expected affected row count: 1, actual affected row count: 0). Possible causes: the row was modified or deleted by another user, or a trigger is reporting misleading row count.  at NHibernate.Impl.NonBatchingBatcher.AddToBatch (Int32 expectedRowCount) [0x00000] 
  at NHibernate.Persister.EntityPersister.Delete (System.Object id, System.Object version, System.Object obj, ISessionImplementor session) [0x00000] 
2006-12-05 18:10:03.4054|ERROR|CastlePortal.GroupsController|GroupDelete exception:Could not perform Delete for Acl  at Castle.ActiveRecord.ActiveRecordBase.Delete (System.Object instance) [0x00000] 
  at Castle.ActiveRecord.ActiveRecordBase.Delete () [0x00000] 
  at CastlePortal.GroupsController.GroupDelete (Int32 groupId) [0x00000] 
2006-12-05 18:10:03.4055|ERROR|CastlePortal.GroupsController|GroupDelete inner exception:could not delete: [CastlePortal.Acl#118]  at NHibernate.Persister.EntityPersister.Delete (System.Object id, System.Object version, System.Object obj, ISessionImplementor session) [0x00000] 
  at NHibernate.Impl.ScheduledDeletion.Execute () [0x00000] 
  at NHibernate.Impl.SessionImpl.Execute (IExecutable executable) [0x00000] 
  at NHibernate.Impl.SessionImpl.ExecuteAll (IList list) [0x00000] 
  at NHibernate.Impl.SessionImpl.Execute () [0x00000] 
2006-12-05 18:57:24.9630|ERROR|CastlePortal.GroupsController|GroupDelete exception:Could not perform Delete for Acl  at Castle.ActiveRecord.ActiveRecordBase.Delete (System.Object instance) [0x00000] 
  at Castle.ActiveRecord.ActiveRecordBase.Delete () [0x00000] 
  at CastlePortal.GroupsController.GroupDelete (Int32 groupId) [0x00000] 
2006-12-05 18:57:24.9860|ERROR|CastlePortal.GroupsController|GroupDelete inner exception:could not delete: [CastlePortal.Acl#118]  at NHibernate.Persister.EntityPersister.Delete (System.Object id, System.Object version, System.Object obj, ISessionImplementor session) [0x00000] 
  at NHibernate.Impl.ScheduledDeletion.Execute () [0x00000] 
  at NHibernate.Impl.SessionImpl.Execute (IExecutable executable) [0x00000] 
  at NHibernate.Impl.SessionImpl.ExecuteAll (IList list) [0x00000] 
  at NHibernate.Impl.SessionImpl.Execute () [0x00000] 
2006-12-05 18:57:25.0078|ERROR|CastlePortal.GroupsController|GroupDelete exception:Could not perform Delete for Acl  at Castle.ActiveRecord.ActiveRecordBase.Delete (System.Object instance) [0x00000] 
  at Castle.ActiveRecord.ActiveRecordBase.Delete () [0x00000] 
  at CastlePortal.GroupsController.GroupDelete (Int32 groupId) [0x00000] 
2006-12-05 18:57:25.0079|ERROR|CastlePortal.GroupsController|GroupDelete inner exception:could not delete: [CastlePortal.Acl#118]  at NHibernate.Persister.EntityPersister.Delete (System.Object id, System.Object version, System.Object obj, ISessionImplementor session) [0x00000] 
  at NHibernate.Impl.ScheduledDeletion.Execute () [0x00000] 
  at NHibernate.Impl.SessionImpl.Execute (IExecutable executable) [0x00000] 
  at NHibernate.Impl.SessionImpl.ExecuteAll (IList list) [0x00000] 
  at NHibernate.Impl.SessionImpl.Execute () [0x00000] 
2006-12-05 18:58:10.8361|ERROR|CastlePortal.GroupsController|GroupDelete exception:Could not perform Delete for Acl  at Castle.ActiveRecord.ActiveRecordBase.Delete (System.Object instance) [0x00000] 
  at Castle.ActiveRecord.ActiveRecordBase.Delete () [0x00000] 
  at CastlePortal.GroupsController.GroupDelete (Int32 groupId) [0x00000] 
2006-12-05 18:58:10.8377|ERROR|CastlePortal.GroupsController|GroupDelete inner exception:SQL insert, update or delete failed (expected affected row count: 1, actual affected row count: 0). Possible causes: the row was modified or deleted by another user, or a trigger is reporting misleading row count.  at NHibernate.Impl.NonBatchingBatcher.AddToBatch (Int32 expectedRowCount) [0x00000] 
  at NHibernate.Persister.EntityPersister.Delete (System.Object id, System.Object version, System.Object obj, ISessionImplementor session) [0x00000] 
2006-12-05 19:01:42.8882|ERROR|CastlePortal.GroupsController|GroupDelete exception:Could not perform Delete for Acl  at Castle.ActiveRecord.ActiveRecordBase.Delete (System.Object instance) [0x00000] 
  at Castle.ActiveRecord.ActiveRecordBase.Delete () [0x00000] 
  at CastlePortal.GroupsController.GroupDelete (Int32 groupId) [0x00000] 
2006-12-05 19:01:42.8898|ERROR|CastlePortal.GroupsController|GroupDelete inner exception:SQL insert, update or delete failed (expected affected row count: 1, actual affected row count: 0). Possible causes: the row was modified or deleted by another user, or a trigger is reporting misleading row count.  at NHibernate.Impl.NonBatchingBatcher.AddToBatch (Int32 expectedRowCount) [0x00000] 
  at NHibernate.Persister.EntityPersister.Delete (System.Object id, System.Object version, System.Object obj, ISessionImplementor session) [0x00000] 
2006-12-05 19:04:19.9776|ERROR|CastlePortal.GroupsController|GroupDelete exception:Could not perform Delete for Acl  at Castle.ActiveRecord.ActiveRecordBase.Delete (System.Object instance) [0x00000] 
  at Castle.ActiveRecord.ActiveRecordBase.Delete () [0x00000] 
  at CastlePortal.GroupsController.GroupDelete (Int32 groupId) [0x00000] 
2006-12-05 19:04:19.9820|ERROR|CastlePortal.GroupsController|GroupDelete inner exception:SQL insert, update or delete failed (expected affected row count: 1, actual affected row count: 0). Possible causes: the row was modified or deleted by another user, or a trigger is reporting misleading row count.  at NHibernate.Impl.NonBatchingBatcher.AddToBatch (Int32 expectedRowCount) [0x00000] 
  at NHibernate.Persister.EntityPersister.Delete (System.Object id, System.Object version, System.Object obj, ISessionImplementor session) [0x00000] 
2006-12-05 19:05:11.0518|ERROR|CastlePortal.GroupsController|GroupDelete exception:Could not perform Delete for Acl  at Castle.ActiveRecord.ActiveRecordBase.Delete (System.Object instance) [0x00000] 
  at Castle.ActiveRecord.ActiveRecordBase.Delete () [0x00000] 
  at CastlePortal.GroupsController.GroupDelete (Int32 groupId) [0x00000] 
2006-12-05 19:05:11.0535|ERROR|CastlePortal.GroupsController|GroupDelete inner exception:SQL insert, update or delete failed (expected affected row count: 1, actual affected row count: 0). Possible causes: the row was modified or deleted by another user, or a trigger is reporting misleading row count.  at NHibernate.Impl.NonBatchingBatcher.AddToBatch (Int32 expectedRowCount) [0x00000] 
  at NHibernate.Persister.EntityPersister.Delete (System.Object id, System.Object version, System.Object obj, ISessionImplementor session) [0x00000] 
2006-12-06 10:36:47.5356|ERROR|CastlePortal.GroupsController|GroupDelete exception:Could not perform Delete for Acl  at Castle.ActiveRecord.ActiveRecordBase.Delete (System.Object instance) [0x00000] 
  at Castle.ActiveRecord.ActiveRecordBase.Delete () [0x00000] 
  at CastlePortal.GroupsController.GroupDelete (Int32 groupId) [0x00000] 
2006-12-06 10:36:47.5513|ERROR|CastlePortal.GroupsController|GroupDelete inner exception:SQL insert, update or delete failed (expected affected row count: 1, actual affected row count: 0). Possible causes: the row was modified or deleted by another user, or a trigger is reporting misleading row count.  at NHibernate.Impl.NonBatchingBatcher.AddToBatch (Int32 expectedRowCount) [0x00000] 
  at NHibernate.Persister.EntityPersister.Delete (System.Object id, System.Object version, System.Object obj, ISessionImplementor session) [0x00000] 
2006-12-06 10:36:47.5674|ERROR|CastlePortal.GroupsController|GroupDelete exception:Could not perform Delete for Acl  at Castle.ActiveRecord.ActiveRecordBase.Delete (System.Object instance) [0x00000] 
  at Castle.ActiveRecord.ActiveRecordBase.Delete () [0x00000] 
  at CastlePortal.GroupsController.GroupDelete (Int32 groupId) [0x00000] 
2006-12-06 10:36:47.5675|ERROR|CastlePortal.GroupsController|GroupDelete inner exception:could not delete: [CastlePortal.Acl#138]  at NHibernate.Persister.EntityPersister.Delete (System.Object id, System.Object version, System.Object obj, ISessionImplementor session) [0x00000] 
  at NHibernate.Impl.ScheduledDeletion.Execute () [0x00000] 
  at NHibernate.Impl.SessionImpl.Execute (IExecutable executable) [0x00000] 
  at NHibernate.Impl.SessionImpl.ExecuteAll (IList list) [0x00000] 
  at NHibernate.Impl.SessionImpl.Execute () [0x00000] 
2006-12-06 10:43:06.1141|ERROR|CastlePortal.GroupsController|GroupDelete exception:Could not perform Delete for Acl  at Castle.ActiveRecord.ActiveRecordBase.Delete (System.Object instance) [0x00000] 
  at Castle.ActiveRecord.ActiveRecordBase.Delete () [0x00000] 
  at CastlePortal.GroupsController.GroupDelete (Int32 groupId) [0x00000] 
2006-12-06 10:43:06.1156|ERROR|CastlePortal.GroupsController|GroupDelete inner exception:SQL insert, update or delete failed (expected affected row count: 1, actual affected row count: 0). Possible causes: the row was modified or deleted by another user, or a trigger is reporting misleading row count.  at NHibernate.Impl.NonBatchingBatcher.AddToBatch (Int32 expectedRowCount) [0x00000] 
  at NHibernate.Persister.EntityPersister.Delete (System.Object id, System.Object version, System.Object obj, ISessionImplementor session) [0x00000] 
2006-12-06 10:43:06.1417|ERROR|CastlePortal.GroupsController|GroupDelete exception:Could not perform Delete for Acl  at Castle.ActiveRecord.ActiveRecordBase.Delete (System.Object instance) [0x00000] 
  at Castle.ActiveRecord.ActiveRecordBase.Delete () [0x00000] 
  at CastlePortal.GroupsController.GroupDelete (Int32 groupId) [0x00000] 
2006-12-06 10:43:06.1418|ERROR|CastlePortal.GroupsController|GroupDelete inner exception:could not delete: [CastlePortal.Acl#143]  at NHibernate.Persister.EntityPersister.Delete (System.Object id, System.Object version, System.Object obj, ISessionImplementor session) [0x00000] 
  at NHibernate.Impl.ScheduledDeletion.Execute () [0x00000] 
  at NHibernate.Impl.SessionImpl.Execute (IExecutable executable) [0x00000] 
  at NHibernate.Impl.SessionImpl.ExecuteAll (IList list) [0x00000] 
  at NHibernate.Impl.SessionImpl.Execute () [0x00000] 
2006-12-06 10:48:56.4086|ERROR|CastlePortal.GroupsController|GroupDelete exception:Could not perform Delete for Acl  at Castle.ActiveRecord.ActiveRecordBase.Delete (System.Object instance) [0x00000] 
  at Castle.ActiveRecord.ActiveRecordBase.Delete () [0x00000] 
  at CastlePortal.GroupsController.GroupDelete (Int32 groupId) [0x00000] 
2006-12-06 10:48:56.4102|ERROR|CastlePortal.GroupsController|GroupDelete inner exception:SQL insert, update or delete failed (expected affected row count: 1, actual affected row count: 0). Possible causes: the row was modified or deleted by another user, or a trigger is reporting misleading row count.  at NHibernate.Impl.NonBatchingBatcher.AddToBatch (Int32 expectedRowCount) [0x00000] 
  at NHibernate.Persister.EntityPersister.Delete (System.Object id, System.Object version, System.Object obj, ISessionImplementor session) [0x00000] 
2006-12-06 10:58:42.6494|ERROR|CastlePortal.GroupsController|GroupDelete exception:Could not perform Delete for Acl  at Castle.ActiveRecord.ActiveRecordBase.Delete (System.Object instance) [0x00000] 
  at Castle.ActiveRecord.ActiveRecordBase.Delete () [0x00000] 
  at CastlePortal.GroupsController.GroupDelete (Int32 groupId) [0x00000] 
2006-12-06 10:58:42.6511|ERROR|CastlePortal.GroupsController|GroupDelete inner exception:SQL insert, update or delete failed (expected affected row count: 1, actual affected row count: 0). Possible causes: the row was modified or deleted by another user, or a trigger is reporting misleading row count.  at NHibernate.Impl.NonBatchingBatcher.AddToBatch (Int32 expectedRowCount) [0x00000] 
  at NHibernate.Persister.EntityPersister.Delete (System.Object id, System.Object version, System.Object obj, ISessionImplementor session) [0x00000] 
2006-12-06 11:02:38.2684|ERROR|CastlePortal.GroupsController|GroupDelete exception:Could not perform Delete for Group  at Castle.ActiveRecord.ActiveRecordBase.Delete (System.Object instance) [0x00000] 
  at Castle.ActiveRecord.ActiveRecordBase.Delete () [0x00000] 
  at CastlePortal.GroupsController.GroupDelete (Int32 groupId) [0x00000] 
2006-12-06 11:02:38.2700|ERROR|CastlePortal.GroupsController|GroupDelete inner exception:could not delete: [CastlePortal.Group#154]  at NHibernate.Persister.EntityPersister.Delete (System.Object id, System.Object version, System.Object obj, ISessionImplementor session) [0x00000] 
  at NHibernate.Impl.ScheduledDeletion.Execute () [0x00000] 
  at NHibernate.Impl.SessionImpl.Execute (IExecutable executable) [0x00000] 
  at NHibernate.Impl.SessionImpl.ExecuteAll (IList list) [0x00000] 
  at NHibernate.Impl.SessionImpl.Execute () [0x00000] 
2006-12-06 11:02:38.2763|ERROR|CastlePortal.GroupsController|GroupDelete exception:Could not perform Delete for Group  at Castle.ActiveRecord.ActiveRecordBase.Delete (System.Object instance) [0x00000] 
  at Castle.ActiveRecord.ActiveRecordBase.Delete () [0x00000] 
  at CastlePortal.GroupsController.GroupDelete (Int32 groupId) [0x00000] 
2006-12-06 11:02:38.2764|ERROR|CastlePortal.GroupsController|GroupDelete inner exception:could not delete: [CastlePortal.Group#154]  at NHibernate.Persister.EntityPersister.Delete (System.Object id, System.Object version, System.Object obj, ISessionImplementor session) [0x00000] 
  at NHibernate.Impl.ScheduledDeletion.Execute () [0x00000] 
  at NHibernate.Impl.SessionImpl.Execute (IExecutable executable) [0x00000] 
  at NHibernate.Impl.SessionImpl.ExecuteAll (IList list) [0x00000] 
  at NHibernate.Impl.SessionImpl.Execute () [0x00000] 
2006-12-06 11:03:25.3661|ERROR|CastlePortal.GroupsController|GroupDelete exception:Could not perform Delete for Group  at Castle.ActiveRecord.ActiveRecordBase.Delete (System.Object instance) [0x00000] 
  at Castle.ActiveRecord.ActiveRecordBase.Delete () [0x00000] 
  at CastlePortal.GroupsController.GroupDelete (Int32 groupId) [0x00000] 
2006-12-06 11:03:25.3678|ERROR|CastlePortal.GroupsController|GroupDelete inner exception:could not delete: [CastlePortal.Group#154]  at NHibernate.Persister.EntityPersister.Delete (System.Object id, System.Object version, System.Object obj, ISessionImplementor session) [0x00000] 
  at NHibernate.Impl.ScheduledDeletion.Execute () [0x00000] 
  at NHibernate.Impl.SessionImpl.Execute (IExecutable executable) [0x00000] 
  at NHibernate.Impl.SessionImpl.ExecuteAll (IList list) [0x00000] 
  at NHibernate.Impl.SessionImpl.Execute () [0x00000] 
2006-12-06 11:03:25.5011|ERROR|CastlePortal.GroupsController|GroupDelete exception:Could not perform Delete for Group  at Castle.ActiveRecord.ActiveRecordBase.Delete (System.Object instance) [0x00000] 
  at Castle.ActiveRecord.ActiveRecordBase.Delete () [0x00000] 
  at CastlePortal.GroupsController.GroupDelete (Int32 groupId) [0x00000] 
2006-12-06 11:03:25.5012|ERROR|CastlePortal.GroupsController|GroupDelete inner exception:could not delete: [CastlePortal.Group#154]  at NHibernate.Persister.EntityPersister.Delete (System.Object id, System.Object version, System.Object obj, ISessionImplementor session) [0x00000] 
  at NHibernate.Impl.ScheduledDeletion.Execute () [0x00000] 
  at NHibernate.Impl.SessionImpl.Execute (IExecutable executable) [0x00000] 
  at NHibernate.Impl.SessionImpl.ExecuteAll (IList list) [0x00000] 
  at NHibernate.Impl.SessionImpl.Execute () [0x00000] 
2006-12-06 11:03:45.0246|ERROR|CastlePortal.GroupsController|GroupDelete exception:Could not perform Delete for Group  at Castle.ActiveRecord.ActiveRecordBase.Delete (System.Object instance) [0x00000] 
  at Castle.ActiveRecord.ActiveRecordBase.Delete () [0x00000] 
  at CastlePortal.GroupsController.GroupDelete (Int32 groupId) [0x00000] 
2006-12-06 11:03:45.0261|ERROR|CastlePortal.GroupsController|GroupDelete inner exception:could not delete: [CastlePortal.Group#154]  at NHibernate.Persister.EntityPersister.Delete (System.Object id, System.Object version, System.Object obj, ISessionImplementor session) [0x00000] 
  at NHibernate.Impl.ScheduledDeletion.Execute () [0x00000] 
  at NHibernate.Impl.SessionImpl.Execute (IExecutable executable) [0x00000] 
  at NHibernate.Impl.SessionImpl.ExecuteAll (IList list) [0x00000] 
  at NHibernate.Impl.SessionImpl.Execute () [0x00000] 
2006-12-06 11:03:45.1568|ERROR|CastlePortal.GroupsController|GroupDelete exception:Could not perform Delete for Group  at Castle.ActiveRecord.ActiveRecordBase.Delete (System.Object instance) [0x00000] 
  at Castle.ActiveRecord.ActiveRecordBase.Delete () [0x00000] 
  at CastlePortal.GroupsController.GroupDelete (Int32 groupId) [0x00000] 
2006-12-06 11:03:45.1569|ERROR|CastlePortal.GroupsController|GroupDelete inner exception:could not delete: [CastlePortal.Group#154]  at NHibernate.Persister.EntityPersister.Delete (System.Object id, System.Object version, System.Object obj, ISessionImplementor session) [0x00000] 
  at NHibernate.Impl.ScheduledDeletion.Execute () [0x00000] 
  at NHibernate.Impl.SessionImpl.Execute (IExecutable executable) [0x00000] 
  at NHibernate.Impl.SessionImpl.ExecuteAll (IList list) [0x00000] 
  at NHibernate.Impl.SessionImpl.Execute () [0x00000] 
2006-12-06 11:13:14.3504|ERROR|CastlePortal.GroupsController|GroupDelete exception:Could not perform Delete for Group  at Castle.ActiveRecord.ActiveRecordBase.Delete (System.Object instance) [0x00000] 
  at Castle.ActiveRecord.ActiveRecordBase.Delete () [0x00000] 
  at CastlePortal.GroupsController.GroupDelete (Int32 groupId) [0x00000] 
2006-12-06 11:13:14.3519|ERROR|CastlePortal.GroupsController|GroupDelete inner exception:could not delete: [CastlePortal.Group#154]  at NHibernate.Persister.EntityPersister.Delete (System.Object id, System.Object version, System.Object obj, ISessionImplementor session) [0x00000] 
  at NHibernate.Impl.ScheduledDeletion.Execute () [0x00000] 
  at NHibernate.Impl.SessionImpl.Execute (IExecutable executable) [0x00000] 
  at NHibernate.Impl.SessionImpl.ExecuteAll (IList list) [0x00000] 
  at NHibernate.Impl.SessionImpl.Execute () [0x00000] 
2006-12-06 11:13:40.2620|ERROR|CastlePortal.GroupsController|GroupDelete exception:Could not perform Delete for Group  at Castle.ActiveRecord.ActiveRecordBase.Delete (System.Object instance) [0x00000] 
  at Castle.ActiveRecord.ActiveRecordBase.Delete () [0x00000] 
  at CastlePortal.GroupsController.GroupDelete (Int32 groupId) [0x00000] 
2006-12-06 11:13:40.2636|ERROR|CastlePortal.GroupsController|GroupDelete inner exception:could not delete: [CastlePortal.Group#164]  at NHibernate.Persister.EntityPersister.Delete (System.Object id, System.Object version, System.Object obj, ISessionImplementor session) [0x00000] 
  at NHibernate.Impl.ScheduledDeletion.Execute () [0x00000] 
  at NHibernate.Impl.SessionImpl.Execute (IExecutable executable) [0x00000] 
  at NHibernate.Impl.SessionImpl.ExecuteAll (IList list) [0x00000] 
  at NHibernate.Impl.SessionImpl.Execute () [0x00000] 
2006-12-06 11:28:46.1887|ERROR|CastlePortal.GroupsController|GroupDelete exception:Could not perform Delete for Group  at Castle.ActiveRecord.ActiveRecordBase.Delete (System.Object instance) [0x00000] 
  at Castle.ActiveRecord.ActiveRecordBase.Delete () [0x00000] 
  at CastlePortal.GroupsController.GroupDelete (Int32 groupId) [0x00000] 
2006-12-06 11:28:46.1903|ERROR|CastlePortal.GroupsController|GroupDelete inner exception:SQL insert, update or delete failed (expected affected row count: 1, actual affected row count: 0). Possible causes: the row was modified or deleted by another user, or a trigger is reporting misleading row count.  at NHibernate.Impl.NonBatchingBatcher.AddToBatch (Int32 expectedRowCount) [0x00000] 
  at NHibernate.Persister.EntityPersister.Delete (System.Object id, System.Object version, System.Object obj, ISessionImplementor session) [0x00000] 
2006-12-06 11:30:09.0937|ERROR|CastlePortal.GroupsController|GroupDelete exception:Could not perform Delete for Group  at Castle.ActiveRecord.ActiveRecordBase.Delete (System.Object instance) [0x00000] 
  at Castle.ActiveRecord.ActiveRecordBase.Delete () [0x00000] 
  at CastlePortal.GroupsController.GroupDelete (Int32 groupId) [0x00000] 
2006-12-06 11:30:09.0953|ERROR|CastlePortal.GroupsController|GroupDelete inner exception:SQL insert, update or delete failed (expected affected row count: 1, actual affected row count: 0). Possible causes: the row was modified or deleted by another user, or a trigger is reporting misleading row count.  at NHibernate.Impl.NonBatchingBatcher.AddToBatch (Int32 expectedRowCount) [0x00000] 
  at NHibernate.Persister.EntityPersister.Delete (System.Object id, System.Object version, System.Object obj, ISessionImplementor session) [0x00000] 
2006-12-06 11:30:13.9721|ERROR|CastlePortal.GroupsController|GroupDelete exception:Could not perform Delete for Group  at Castle.ActiveRecord.ActiveRecordBase.Delete (System.Object instance) [0x00000] 
  at Castle.ActiveRecord.ActiveRecordBase.Delete () [0x00000] 
  at CastlePortal.GroupsController.GroupDelete (Int32 groupId) [0x00000] 
2006-12-06 11:30:13.9739|ERROR|CastlePortal.GroupsController|GroupDelete inner exception:SQL insert, update or delete failed (expected affected row count: 1, actual affected row count: 0). Possible causes: the row was modified or deleted by another user, or a trigger is reporting misleading row count.  at NHibernate.Impl.NonBatchingBatcher.AddToBatch (Int32 expectedRowCount) [0x00000] 
  at NHibernate.Persister.EntityPersister.Delete (System.Object id, System.Object version, System.Object obj, ISessionImplementor session) [0x00000] 
2006-12-06 11:31:35.3605|ERROR|CastlePortal.GroupsController|GroupDelete exception:Could not perform Delete for Group  at Castle.ActiveRecord.ActiveRecordBase.Delete (System.Object instance) [0x00000] 
  at Castle.ActiveRecord.ActiveRecordBase.Delete () [0x00000] 
  at CastlePortal.GroupsController.GroupDelete (Int32 groupId) [0x00000] 
2006-12-06 11:31:35.3620|ERROR|CastlePortal.GroupsController|GroupDelete inner exception:SQL insert, update or delete failed (expected affected row count: 1, actual affected row count: 0). Possible causes: the row was modified or deleted by another user, or a trigger is reporting misleading row count.  at NHibernate.Impl.NonBatchingBatcher.AddToBatch (Int32 expectedRowCount) [0x00000] 
  at NHibernate.Persister.EntityPersister.Delete (System.Object id, System.Object version, System.Object obj, ISessionImplementor session) [0x00000] 
2006-12-06 11:33:21.5560|ERROR|CastlePortal.GroupsController|GroupDelete exception:Could not perform Delete for Group  at Castle.ActiveRecord.ActiveRecordBase.Delete (System.Object instance) [0x00000] 
  at Castle.ActiveRecord.ActiveRecordBase.Delete () [0x00000] 
  at CastlePortal.GroupsController.GroupDelete (Int32 groupId) [0x00000] 
2006-12-06 11:33:21.5576|ERROR|CastlePortal.GroupsController|GroupDelete inner exception:SQL insert, update or delete failed (expected affected row count: 1, actual affected row count: 0). Possible causes: the row was modified or deleted by another user, or a trigger is reporting misleading row count.  at NHibernate.Impl.NonBatchingBatcher.AddToBatch (Int32 expectedRowCount) [0x00000] 
  at NHibernate.Persister.EntityPersister.Delete (System.Object id, System.Object version, System.Object obj, ISessionImplementor session) [0x00000] 
2006-12-06 11:46:08.1785|ERROR|CastlePortal.GroupsController|GroupDelete exception:Could not perform Delete for Group  at Castle.ActiveRecord.ActiveRecordBase.Delete (System.Object instance) [0x00000] 
  at Castle.ActiveRecord.ActiveRecordBase.Delete () [0x00000] 
  at CastlePortal.GroupsController.GroupDelete (Int32 groupId) [0x00000] 
2006-12-06 11:46:08.1801|ERROR|CastlePortal.GroupsController|GroupDelete inner exception:SQL insert, update or delete failed (expected affected row count: 1, actual affected row count: 0). Possible causes: the row was modified or deleted by another user, or a trigger is reporting misleading row count.  at NHibernate.Impl.NonBatchingBatcher.AddToBatch (Int32 expectedRowCount) [0x00000] 
  at NHibernate.Persister.EntityPersister.Delete (System.Object id, System.Object version, System.Object obj, ISessionImplementor session) [0x00000] 
2006-12-06 11:48:10.0552|ERROR|CastlePortal.GroupsController|GroupDelete exception:Could not perform Delete for Group  at Castle.ActiveRecord.ActiveRecordBase.Delete (System.Object instance) [0x00000] 
  at Castle.ActiveRecord.ActiveRecordBase.Delete () [0x00000] 
  at CastlePortal.GroupsController.GroupDelete (Int32 groupId) [0x00000] 
2006-12-06 11:48:10.0567|ERROR|CastlePortal.GroupsController|GroupDelete inner exception:SQL insert, update or delete failed (expected affected row count: 1, actual affected row count: 0). Possible causes: the row was modified or deleted by another user, or a trigger is reporting misleading row count.  at NHibernate.Impl.NonBatchingBatcher.AddToBatch (Int32 expectedRowCount) [0x00000] 
  at NHibernate.Persister.EntityPersister.Delete (System.Object id, System.Object version, System.Object obj, ISessionImplementor session) [0x00000] 
2006-12-06 11:57:31.9716|ERROR|CastlePortal.GroupsController|GroupDelete exception:Could not perform Delete for Group  at Castle.ActiveRecord.ActiveRecordBase.Delete (System.Object instance) [0x00000] 
  at Castle.ActiveRecord.ActiveRecordBase.Delete () [0x00000] 
  at CastlePortal.GroupsController.GroupDelete (Int32 groupId) [0x00000] 
2006-12-06 11:57:31.9732|ERROR|CastlePortal.GroupsController|GroupDelete inner exception:SQL insert, update or delete failed (expected affected row count: 1, actual affected row count: 0). Possible causes: the row was modified or deleted by another user, or a trigger is reporting misleading row count.  at NHibernate.Impl.NonBatchingBatcher.AddToBatch (Int32 expectedRowCount) [0x00000] 
  at NHibernate.Persister.EntityPersister.Delete (System.Object id, System.Object version, System.Object obj, ISessionImplementor session) [0x00000] 
2006-12-06 12:06:21.4244|ERROR|CastlePortal.GroupsController|GroupDelete exception:Could not perform Delete for Group  at Castle.ActiveRecord.ActiveRecordBase.Delete (System.Object instance) [0x00000] 
  at Castle.ActiveRecord.ActiveRecordBase.Delete () [0x00000] 
  at CastlePortal.GroupsController.GroupDelete (Int32 groupId) [0x00000] 
2006-12-06 12:06:21.4259|ERROR|CastlePortal.GroupsController|GroupDelete inner exception:SQL insert, update or delete failed (expected affected row count: 1, actual affected row count: 0). Possible causes: the row was modified or deleted by another user, or a trigger is reporting misleading row count.  at NHibernate.Impl.NonBatchingBatcher.AddToBatch (Int32 expectedRowCount) [0x00000] 
  at NHibernate.Persister.EntityPersister.Delete (System.Object id, System.Object version, System.Object obj, ISessionImplementor session) [0x00000] 
2006-12-06 12:07:27.7275|ERROR|CastlePortal.GroupsController|GroupDelete exception:Could not perform Update for Group  at Castle.ActiveRecord.ActiveRecordBase.Update (System.Object instance) [0x00000] 
  at Castle.ActiveRecord.ActiveRecordBase.Update () [0x00000] 
  at CastlePortal.GroupsController.GroupDelete (Int32 groupId) [0x00000] 
2006-12-06 12:07:27.7290|ERROR|CastlePortal.GroupsController|GroupDelete inner exception:SQL insert, update or delete failed (expected affected row count: 1, actual affected row count: 0). Possible causes: the row was modified or deleted by another user, or a trigger is reporting misleading row count.  at NHibernate.Impl.NonBatchingBatcher.AddToBatch (Int32 expectedRowCount) [0x00000] 
  at NHibernate.Persister.EntityPersister.Update (System.Object id, System.Object[] fields, System.Object[] oldFields, System.Boolean[] includeProperty, System.Object oldVersion, System.Object obj, NHibernate.SqlCommand.SqlString sqlUpdateString, ISessionImplementor session) [0x00000] 
2006-12-06 16:00:12.3986|ERROR|CastlePortal.AdminAPI|WEIRD!!!: Could not perform Save for User:  at Castle.ActiveRecord.ActiveRecordBase.Save (System.Object instance) [0x00000] 
  at Castle.ActiveRecord.ActiveRecordBase.Save () [0x00000] 
  at CastlePortal.AdminAPI.AddUser (Int32 gid, Int32 uid, System.String gindex, System.String uindex) [0x00000] 
2006-12-06 16:01:00.7871|ERROR|CastlePortal.AdminAPI|WEIRD!!!: Could not perform Save for User:  at Castle.ActiveRecord.ActiveRecordBase.Save (System.Object instance) [0x00000] 
  at Castle.ActiveRecord.ActiveRecordBase.Save () [0x00000] 
  at CastlePortal.AdminAPI.AddUser (Int32 gid, Int32 uid, System.String gindex, System.String uindex) [0x00000] 
2006-12-06 16:02:35.7163|ERROR|CastlePortal.GroupsController|GroupDelete exception:Could not perform Delete for Acl  at Castle.ActiveRecord.ActiveRecordBase.Delete (System.Object instance) [0x00000] 
  at Castle.ActiveRecord.ActiveRecordBase.Delete () [0x00000] 
  at CastlePortal.GroupsController.GroupDelete (Int32 groupId) [0x00000] 
2006-12-06 16:02:35.7179|ERROR|CastlePortal.GroupsController|GroupDelete inner exception:could not delete: [CastlePortal.Acl#248]  at NHibernate.Persister.EntityPersister.Delete (System.Object id, System.Object version, System.Object obj, ISessionImplementor session) [0x00000] 
  at NHibernate.Impl.ScheduledDeletion.Execute () [0x00000] 
  at NHibernate.Impl.SessionImpl.Execute (IExecutable executable) [0x00000] 
  at NHibernate.Impl.SessionImpl.ExecuteAll (IList list) [0x00000] 
  at NHibernate.Impl.SessionImpl.Execute () [0x00000] 
2006-12-06 16:31:51.8100|ERROR|CastlePortal.AdminAPI|WEIRD!!!: Could not perform Save for User:  at Castle.ActiveRecord.ActiveRecordBase.Save (System.Object instance) [0x00000] 
  at Castle.ActiveRecord.ActiveRecordBase.Save () [0x00000] 
  at CastlePortal.AdminAPI.AddUser (Int32 gid, Int32 uid, System.String gindex, System.String uindex) [0x00000] 
2006-12-14 10:20:14.5513|ERROR|CastlePortal.HttpApp|dbExist = false !!!!!!!!!!!!!!!!!!!!!!!
2006-12-14 12:09:44.9160|ERROR|CastlePortal.HttpApp|dbExist = false !!!!!!!!!!!!!!!!!!!!!!!
2006-12-14 12:16:14.9382|ERROR|CastlePortal.HttpApp|dbExist = false !!!!!!!!!!!!!!!!!!!!!!!
2006-12-14 14:02:47.1482|ERROR|CastlePortal.HttpApp|dbExist = false !!!!!!!!!!!!!!!!!!!!!!!
2006-12-15 16:46:03.7385|ERROR|CastlePortal.HttpApp|dbExist = false !!!!!!!!!!!!!!!!!!!!!!!
2006-12-15 17:09:53.2285|ERROR|CastlePortal.HttpApp|dbExist = false !!!!!!!!!!!!!!!!!!!!!!!
2006-12-15 17:49:17.1895|ERROR|CastlePortal.HttpApp|dbExist = false !!!!!!!!!!!!!!!!!!!!!!!
2006-12-15 18:42:37.6882|ERROR|CastlePortal.AdminAPI|WEIRD!!!: Could not perform Save for User:  at Castle.ActiveRecord.ActiveRecordBase.Save (System.Object instance) [0x00000] 
  at Castle.ActiveRecord.ActiveRecordBase.Save () [0x00000] 
  at CastlePortal.AdminAPI.AddUser (Int32 gid, Int32 uid, System.String gindex, System.String uindex) [0x00000] 
2006-12-15 18:42:41.0401|ERROR|CastlePortal.AdminAPI|WEIRD!!!: Could not perform Save for User:  at Castle.ActiveRecord.ActiveRecordBase.Save (System.Object instance) [0x00000] 
  at Castle.ActiveRecord.ActiveRecordBase.Save () [0x00000] 
  at CastlePortal.AdminAPI.AddUser (Int32 gid, Int32 uid, System.String gindex, System.String uindex) [0x00000] 
2006-12-15 18:50:38.0959|ERROR|CastlePortal.HttpApp|dbExist = false !!!!!!!!!!!!!!!!!!!!!!!
2006-12-18 13:21:06.9124|ERROR|CastlePortal.HttpApp|dbExist = false !!!!!!!!!!!!!!!!!!!!!!!
2006-12-18 13:25:02.3287|ERROR|CastlePortal.HttpApp|dbExist = false !!!!!!!!!!!!!!!!!!!!!!!
2006-12-18 14:59:57.0711|ERROR|CastlePortal.CheckPublishFilter|WEBSITE not published: Could not perform SlicedFindAll for ConfigModel ,   at Castle.ActiveRecord.ActiveRecordBase.SlicedFindAll (System.Type targetType, Int32 firstResult, Int32 maxResults, NHibernate.Expression.Order[] orders, NHibernate.Expression.ICriterion[] criterias) [0x00000] 
  at Castle.ActiveRecord.ActiveRecordBase.SlicedFindAll (System.Type targetType, Int32 firstResult, Int32 maxResults, NHibernate.Expression.ICriterion[] criterias) [0x00000] 
  at Castle.ActiveRecord.ActiveRecordBase.FindOne (System.Type targetType, NHibernate.Expression.ICriterion[] criterias) [0x00000] 
  at CastlePortal.ConfigModel.GetValue (System.String keyname) [0x00000] 
  at CastlePortal.CheckPublishFilter.Perform (ExecuteEnum when, IRailsEngineContext context, Castle.MonoRail.Framework.Controller controller) [0x00000] 
2006-12-18 14:59:57.1074|ERROR|CastlePortal.CheckPublishFilter|WEBSITE not published: cannot open connection ,   at NHibernate.Impl.SessionFactoryImpl.OpenConnection () [0x00000] 
  at NHibernate.Impl.SessionImpl.Connect () [0x00000] 
  at NHibernate.Impl.SessionImpl.get_Connection () [0x00000] 
  at NHibernate.Impl.BatcherImpl.Prepare (IDbCommand command) [0x00000] 
  at NHibernate.Impl.BatcherImpl.ExecuteReader (IDbCommand cmd) [0x00000] 
  at NHibernate.Loader.Loader.GetResultSet (IDbCommand st, NHibernate.Engine.RowSelection selection, ISessionImplementor session) [0x00000] 
2006-12-18 15:01:01.6836|ERROR|CastlePortal.CheckPublishFilter|WEBSITE not published: Could not perform SlicedFindAll for ConfigModel ,   at Castle.ActiveRecord.ActiveRecordBase.SlicedFindAll (System.Type targetType, Int32 firstResult, Int32 maxResults, NHibernate.Expression.Order[] orders, NHibernate.Expression.ICriterion[] criterias) [0x00000] 
  at Castle.ActiveRecord.ActiveRecordBase.SlicedFindAll (System.Type targetType, Int32 firstResult, Int32 maxResults, NHibernate.Expression.ICriterion[] criterias) [0x00000] 
  at Castle.ActiveRecord.ActiveRecordBase.FindOne (System.Type targetType, NHibernate.Expression.ICriterion[] criterias) [0x00000] 
  at CastlePortal.ConfigModel.GetValue (System.String keyname) [0x00000] 
  at CastlePortal.CheckPublishFilter.Perform (ExecuteEnum when, IRailsEngineContext context, Castle.MonoRail.Framework.Controller controller) [0x00000] 
2006-12-18 15:01:01.6853|ERROR|CastlePortal.CheckPublishFilter|WEBSITE not published: cannot open connection ,   at NHibernate.Impl.SessionFactoryImpl.OpenConnection () [0x00000] 
  at NHibernate.Impl.SessionImpl.Connect () [0x00000] 
  at NHibernate.Impl.SessionImpl.get_Connection () [0x00000] 
  at NHibernate.Impl.BatcherImpl.Prepare (IDbCommand command) [0x00000] 
  at NHibernate.Impl.BatcherImpl.ExecuteReader (IDbCommand cmd) [0x00000] 
  at NHibernate.Loader.Loader.GetResultSet (IDbCommand st, NHibernate.Engine.RowSelection selection, ISessionImplementor session) [0x00000] 
2006-12-18 15:15:01.8728|ERROR|CastlePortal.CheckPublishFilter|WEBSITE not published: Could not perform SlicedFindAll for ConfigModel ,   at Castle.ActiveRecord.ActiveRecordBase.SlicedFindAll (System.Type targetType, Int32 firstResult, Int32 maxResults, NHibernate.Expression.Order[] orders, NHibernate.Expression.ICriterion[] criterias) [0x00000] 
  at Castle.ActiveRecord.ActiveRecordBase.SlicedFindAll (System.Type targetType, Int32 firstResult, Int32 maxResults, NHibernate.Expression.ICriterion[] criterias) [0x00000] 
  at Castle.ActiveRecord.ActiveRecordBase.FindOne (System.Type targetType, NHibernate.Expression.ICriterion[] criterias) [0x00000] 
  at CastlePortal.ConfigModel.GetValue (System.String keyname) [0x00000] 
  at CastlePortal.CheckPublishFilter.Perform (ExecuteEnum when, IRailsEngineContext context, Castle.MonoRail.Framework.Controller controller) [0x00000] 
2006-12-18 15:15:01.8743|ERROR|CastlePortal.CheckPublishFilter|WEBSITE not published: cannot open connection ,   at NHibernate.Impl.SessionFactoryImpl.OpenConnection () [0x00000] 
  at NHibernate.Impl.SessionImpl.Connect () [0x00000] 
  at NHibernate.Impl.SessionImpl.get_Connection () [0x00000] 
  at NHibernate.Impl.BatcherImpl.Prepare (IDbCommand command) [0x00000] 
  at NHibernate.Impl.BatcherImpl.ExecuteReader (IDbCommand cmd) [0x00000] 
  at NHibernate.Loader.Loader.GetResultSet (IDbCommand st, NHibernate.Engine.RowSelection selection, ISessionImplementor session) [0x00000] 
2006-12-18 15:15:21.4092|ERROR|CastlePortal.CheckPublishFilter|WEBSITE not published: Could not perform SlicedFindAll for ConfigModel ,   at Castle.ActiveRecord.ActiveRecordBase.SlicedFindAll (System.Type targetType, Int32 firstResult, Int32 maxResults, NHibernate.Expression.Order[] orders, NHibernate.Expression.ICriterion[] criterias) [0x00000] 
  at Castle.ActiveRecord.ActiveRecordBase.SlicedFindAll (System.Type targetType, Int32 firstResult, Int32 maxResults, NHibernate.Expression.ICriterion[] criterias) [0x00000] 
  at Castle.ActiveRecord.ActiveRecordBase.FindOne (System.Type targetType, NHibernate.Expression.ICriterion[] criterias) [0x00000] 
  at CastlePortal.ConfigModel.GetValue (System.String keyname) [0x00000] 
  at CastlePortal.CheckPublishFilter.Perform (ExecuteEnum when, IRailsEngineContext context, Castle.MonoRail.Framework.Controller controller) [0x00000] 
2006-12-18 15:15:21.4109|ERROR|CastlePortal.CheckPublishFilter|WEBSITE not published: cannot open connection ,   at NHibernate.Impl.SessionFactoryImpl.OpenConnection () [0x00000] 
  at NHibernate.Impl.SessionImpl.Connect () [0x00000] 
  at NHibernate.Impl.SessionImpl.get_Connection () [0x00000] 
  at NHibernate.Impl.BatcherImpl.Prepare (IDbCommand command) [0x00000] 
  at NHibernate.Impl.BatcherImpl.ExecuteReader (IDbCommand cmd) [0x00000] 
  at NHibernate.Loader.Loader.GetResultSet (IDbCommand st, NHibernate.Engine.RowSelection selection, ISessionImplementor session) [0x00000] 
2006-12-18 15:17:04.6678|ERROR|CastlePortal.CheckPublishFilter|WEBSITE not published: Could not perform SlicedFindAll for ConfigModel ,   at Castle.ActiveRecord.ActiveRecordBase.SlicedFindAll (System.Type targetType, Int32 firstResult, Int32 maxResults, NHibernate.Expression.Order[] orders, NHibernate.Expression.ICriterion[] criterias) [0x00000] 
  at Castle.ActiveRecord.ActiveRecordBase.SlicedFindAll (System.Type targetType, Int32 firstResult, Int32 maxResults, NHibernate.Expression.ICriterion[] criterias) [0x00000] 
  at Castle.ActiveRecord.ActiveRecordBase.FindOne (System.Type targetType, NHibernate.Expression.ICriterion[] criterias) [0x00000] 
  at CastlePortal.ConfigModel.GetValue (System.String keyname) [0x00000] 
  at CastlePortal.CheckPublishFilter.Perform (ExecuteEnum when, IRailsEngineContext context, Castle.MonoRail.Framework.Controller controller) [0x00000] 
2006-12-18 15:17:04.6694|ERROR|CastlePortal.CheckPublishFilter|WEBSITE not published: cannot open connection ,   at NHibernate.Impl.SessionFactoryImpl.OpenConnection () [0x00000] 
  at NHibernate.Impl.SessionImpl.Connect () [0x00000] 
  at NHibernate.Impl.SessionImpl.get_Connection () [0x00000] 
  at NHibernate.Impl.BatcherImpl.Prepare (IDbCommand command) [0x00000] 
  at NHibernate.Impl.BatcherImpl.ExecuteReader (IDbCommand cmd) [0x00000] 
  at NHibernate.Loader.Loader.GetResultSet (IDbCommand st, NHibernate.Engine.RowSelection selection, ISessionImplementor session) [0x00000] 
2006-12-18 15:56:50.8182|ERROR|CastlePortal.HttpApp|dbExist = false !!!!!!!!!!!!!!!!!!!!!!!
2006-12-18 16:03:16.7962|ERROR|CastlePortal.HttpApp|dbExist = false !!!!!!!!!!!!!!!!!!!!!!!
2006-12-18 16:05:32.3191|ERROR|CastlePortal.HttpApp|dbExist = false !!!!!!!!!!!!!!!!!!!!!!!
2006-12-18 16:13:31.7084|ERROR|CastlePortal.HttpApp|dbExist = false !!!!!!!!!!!!!!!!!!!!!!!
2006-12-18 19:01:36.6273|ERROR|CastlePortal.HttpApp|dbExist = false !!!!!!!!!!!!!!!!!!!!!!!
2006-12-18 19:23:04.3694|ERROR|CastlePortal.CheckPublishFilter|WEBSITE not published: Could not perform SlicedFindAll for ConfigModel ,   at Castle.ActiveRecord.ActiveRecordBase.SlicedFindAll (System.Type targetType, Int32 firstResult, Int32 maxResults, NHibernate.Expression.Order[] orders, NHibernate.Expression.ICriterion[] criterias) [0x00000] 
  at Castle.ActiveRecord.ActiveRecordBase.SlicedFindAll (System.Type targetType, Int32 firstResult, Int32 maxResults, NHibernate.Expression.ICriterion[] criterias) [0x00000] 
  at Castle.ActiveRecord.ActiveRecordBase.FindOne (System.Type targetType, NHibernate.Expression.ICriterion[] criterias) [0x00000] 
  at CastlePortal.ConfigModel.GetValue (System.String keyname) [0x00000] 
  at CastlePortal.CheckPublishFilter.Perform (ExecuteEnum when, IRailsEngineContext context, Castle.MonoRail.Framework.Controller controller) [0x00000] 
2006-12-18 19:23:04.4168|ERROR|CastlePortal.CheckPublishFilter|WEBSITE not published: cannot open connection ,   at NHibernate.Impl.SessionFactoryImpl.OpenConnection () [0x00000] 
  at NHibernate.Impl.SessionImpl.Connect () [0x00000] 
  at NHibernate.Impl.SessionImpl.get_Connection () [0x00000] 
  at NHibernate.Impl.BatcherImpl.Prepare (IDbCommand command) [0x00000] 
  at NHibernate.Impl.BatcherImpl.ExecuteReader (IDbCommand cmd) [0x00000] 
  at NHibernate.Loader.Loader.GetResultSet (IDbCommand st, NHibernate.Engine.RowSelection selection, ISessionImplementor session) [0x00000] 
2006-12-18 19:30:20.0928|ERROR|CastlePortal.CheckPublishFilter|WEBSITE not published: Could not perform SlicedFindAll for ConfigModel ,   at Castle.ActiveRecord.ActiveRecordBase.SlicedFindAll (System.Type targetType, Int32 firstResult, Int32 maxResults, NHibernate.Expression.Order[] orders, NHibernate.Expression.ICriterion[] criterias) [0x00000] 
  at Castle.ActiveRecord.ActiveRecordBase.SlicedFindAll (System.Type targetType, Int32 firstResult, Int32 maxResults, NHibernate.Expression.ICriterion[] criterias) [0x00000] 
  at Castle.ActiveRecord.ActiveRecordBase.FindOne (System.Type targetType, NHibernate.Expression.ICriterion[] criterias) [0x00000] 
  at CastlePortal.ConfigModel.GetValue (System.String keyname) [0x00000] 
  at CastlePortal.CheckPublishFilter.Perform (ExecuteEnum when, IRailsEngineContext context, Castle.MonoRail.Framework.Controller controller) [0x00000] 
2006-12-18 19:30:20.0946|ERROR|CastlePortal.CheckPublishFilter|WEBSITE not published: cannot open connection ,   at NHibernate.Impl.SessionFactoryImpl.OpenConnection () [0x00000] 
  at NHibernate.Impl.SessionImpl.Connect () [0x00000] 
  at NHibernate.Impl.SessionImpl.get_Connection () [0x00000] 
  at NHibernate.Impl.BatcherImpl.Prepare (IDbCommand command) [0x00000] 
  at NHibernate.Impl.BatcherImpl.ExecuteReader (IDbCommand cmd) [0x00000] 
  at NHibernate.Loader.Loader.GetResultSet (IDbCommand st, NHibernate.Engine.RowSelection selection, ISessionImplementor session) [0x00000] 
